<?xml version="1.0" encoding="UTF-8"?>
<robot generator="Robot 6.0.2 (Python 3.11.1 on win32)" generated="20230118 04:14:33.918" rpa="false" schemaversion="3">
<suite id="s1" name="Testsuite" source="D:\Python_Assignment\testsuite.robot">
<kw name="Setup this suite" type="SETUP">
<kw name="Create Session" library="RequestsLibrary">
<arg>mysession</arg>
<arg>http://127.0.0.1:5050/</arg>
<doc>Create Session: create a HTTP session to a server</doc>
<msg timestamp="20230118 04:14:34.285" level="INFO">Creating Session using : alias=mysession, url=http://127.0.0.1:5050/, headers={},                     cookies={}, auth=None, timeout=None, proxies=None, verify=False,                     debug=0 </msg>
<status status="PASS" starttime="20230118 04:14:34.284" endtime="20230118 04:14:34.286"/>
</kw>
<status status="PASS" starttime="20230118 04:14:34.284" endtime="20230118 04:14:34.286"/>
</kw>
<test id="s1-t1" name="GetPeopleValidTest" line="10">
<kw name="GET On Session" library="RequestsLibrary">
<var>${response}</var>
<arg>mysession</arg>
<arg>people/1</arg>
<arg>expected_status=200</arg>
<doc>Sends a GET request on a previously created HTTP Session.</doc>
<msg timestamp="20230118 04:14:34.296" level="INFO">GET Request : url=http://127.0.0.1:5050/people/1 
 path_url=/people/1 
 headers={'User-Agent': 'python-requests/2.28.2', 'Accept-Encoding': 'gzip, deflate', 'Accept': '*/*', 'Connection': 'keep-alive'} 
 body=None 
 </msg>
<msg timestamp="20230118 04:14:34.296" level="INFO">GET Response : url=http://127.0.0.1:5050/people/1 
 status=200, reason=OK 
 headers={'Server': 'Werkzeug/2.2.2 Python/3.11.1', 'Date': 'Wed, 18 Jan 2023 03:14:34 GMT', 'Content-Type': 'application/json', 'Content-Length': '842', 'Connection': 'close'} 
 body={
  "birth_year": "19BBY",
  "created": "2014-12-09T13:50:51.644000Z",
  "edited": "2014-12-20T21:17:56.891000Z",
  "eye_color": "blue",
  "films": [
    "https://swapi.dev/api/films/2/",
    "https://swapi.dev/api/films/6/",
    "https://swapi.dev/api/films/3/",
    "https://swapi.dev/api/films/1/",
    "https://swapi.dev/api/films/7/"
  ],
  "gender": "male",
  "hair_color": "blond",
  "height": "172",
  "homeworld": "https://swapi.dev/api/planets/1/",
  "mass": "77",
  "name": "Luke Skywalker",
  "skin_color": "fair",
  "species": [
    "https://swapi.dev/api/species/1/"
  ],
  "starships": [
    "https://swapi.dev/api/starships/12/",
    "https://swapi.dev/api/starships/22/"
  ],
  "url": "https://swapi.dev/api/people/1/",
  "vehicles": [
    "https://swapi.dev/api/vehicles/14/",
    "https://swapi.dev/api/vehicles/30/"
  ]
}
 
 </msg>
<msg timestamp="20230118 04:14:34.297" level="INFO">${response} = &lt;Response [200]&gt;</msg>
<status status="PASS" starttime="20230118 04:14:34.287" endtime="20230118 04:14:34.297"/>
</kw>
<status status="PASS" starttime="20230118 04:14:34.286" endtime="20230118 04:14:34.297"/>
</test>
<test id="s1-t2" name="GetPeopleInvalidTest" line="13">
<kw name="GET On Session" library="RequestsLibrary">
<var>${response}</var>
<arg>mysession</arg>
<arg>people/200</arg>
<arg>expected_status=404</arg>
<doc>Sends a GET request on a previously created HTTP Session.</doc>
<msg timestamp="20230118 04:14:34.309" level="INFO">GET Request : url=http://127.0.0.1:5050/people/200 
 path_url=/people/200 
 headers={'User-Agent': 'python-requests/2.28.2', 'Accept-Encoding': 'gzip, deflate', 'Accept': '*/*', 'Connection': 'keep-alive'} 
 body=None 
 </msg>
<msg timestamp="20230118 04:14:34.309" level="INFO">GET Response : url=http://127.0.0.1:5050/people/200 
 status=404, reason=NOT FOUND 
 headers={'Server': 'Werkzeug/2.2.2 Python/3.11.1', 'Date': 'Wed, 18 Jan 2023 03:14:34 GMT', 'Content-Type': 'application/json', 'Content-Length': '32', 'Connection': 'close'} 
 body={
  "error": "data not found"
}
 
 </msg>
<msg timestamp="20230118 04:14:34.309" level="INFO">${response} = &lt;Response [404]&gt;</msg>
<status status="PASS" starttime="20230118 04:14:34.300" endtime="20230118 04:14:34.309"/>
</kw>
<status status="PASS" starttime="20230118 04:14:34.300" endtime="20230118 04:14:34.310"/>
</test>
<test id="s1-t3" name="GetPlanetsValidTest" line="16">
<kw name="GET On Session" library="RequestsLibrary">
<var>${response}</var>
<arg>mysession</arg>
<arg>planets/1</arg>
<arg>expected_status=200</arg>
<doc>Sends a GET request on a previously created HTTP Session.</doc>
<msg timestamp="20230118 04:14:34.334" level="INFO">GET Request : url=http://127.0.0.1:5050/planets/1 
 path_url=/planets/1 
 headers={'User-Agent': 'python-requests/2.28.2', 'Accept-Encoding': 'gzip, deflate', 'Accept': '*/*', 'Connection': 'keep-alive'} 
 body=None 
 </msg>
<msg timestamp="20230118 04:14:34.334" level="INFO">GET Response : url=http://127.0.0.1:5050/planets/1 
 status=200, reason=OK 
 headers={'Server': 'Werkzeug/2.2.2 Python/3.11.1', 'Date': 'Wed, 18 Jan 2023 03:14:34 GMT', 'Content-Type': 'application/json', 'Content-Length': '456', 'Connection': 'close'} 
 body={
  "climate": "temperate, tropical",
  "created": "2014-12-10T11:37:19.144000Z",
  "diameter": "10200",
  "edited": "2014-12-20T20:58:18.421000Z",
  "films": [
    "https://swapi.dev/api/films/1/"
  ],
  "gravity": "1 standard",
  "name": "Yavin IV",
  "orbital_period": "4818",
  "population": "1000",
  "residents": [],
  "rotation_period": "24",
  "surface_water": "8",
  "terrain": "jungle, rainforests",
  "url": "https://swapi.dev/api/planets/3/"
}
 
 </msg>
<msg timestamp="20230118 04:14:34.334" level="INFO">${response} = &lt;Response [200]&gt;</msg>
<status status="PASS" starttime="20230118 04:14:34.329" endtime="20230118 04:14:34.334"/>
</kw>
<status status="PASS" starttime="20230118 04:14:34.312" endtime="20230118 04:14:34.335"/>
</test>
<test id="s1-t4" name="GetPlanetsInvalidTest" line="19">
<kw name="GET On Session" library="RequestsLibrary">
<var>${response}</var>
<arg>mysession</arg>
<arg>planets/200</arg>
<arg>expected_status=404</arg>
<doc>Sends a GET request on a previously created HTTP Session.</doc>
<msg timestamp="20230118 04:14:34.346" level="INFO">GET Request : url=http://127.0.0.1:5050/planets/200 
 path_url=/planets/200 
 headers={'User-Agent': 'python-requests/2.28.2', 'Accept-Encoding': 'gzip, deflate', 'Accept': '*/*', 'Connection': 'keep-alive'} 
 body=None 
 </msg>
<msg timestamp="20230118 04:14:34.346" level="INFO">GET Response : url=http://127.0.0.1:5050/planets/200 
 status=404, reason=NOT FOUND 
 headers={'Server': 'Werkzeug/2.2.2 Python/3.11.1', 'Date': 'Wed, 18 Jan 2023 03:14:34 GMT', 'Content-Type': 'application/json', 'Content-Length': '32', 'Connection': 'close'} 
 body={
  "error": "data not found"
}
 
 </msg>
<msg timestamp="20230118 04:14:34.347" level="INFO">${response} = &lt;Response [404]&gt;</msg>
<status status="PASS" starttime="20230118 04:14:34.339" endtime="20230118 04:14:34.347"/>
</kw>
<status status="PASS" starttime="20230118 04:14:34.338" endtime="20230118 04:14:34.347"/>
</test>
<test id="s1-t5" name="GetStarshipsValidTest" line="22">
<kw name="GET On Session" library="RequestsLibrary">
<var>${response}</var>
<arg>mysession</arg>
<arg>starships/1</arg>
<arg>expected_status=200</arg>
<doc>Sends a GET request on a previously created HTTP Session.</doc>
<msg timestamp="20230118 04:14:34.357" level="INFO">GET Request : url=http://127.0.0.1:5050/starships/1 
 path_url=/starships/1 
 headers={'User-Agent': 'python-requests/2.28.2', 'Accept-Encoding': 'gzip, deflate', 'Accept': '*/*', 'Connection': 'keep-alive'} 
 body=None 
 </msg>
<msg timestamp="20230118 04:14:34.357" level="INFO">GET Response : url=http://127.0.0.1:5050/starships/1 
 status=200, reason=OK 
 headers={'Server': 'Werkzeug/2.2.2 Python/3.11.1', 'Date': 'Wed, 18 Jan 2023 03:14:34 GMT', 'Content-Type': 'application/json', 'Content-Length': '673', 'Connection': 'close'} 
 body={
  "MGLT": "60",
  "cargo_capacity": "36000000",
  "consumables": "2 years",
  "cost_in_credits": "150000000",
  "created": "2014-12-10T15:08:19.848000Z",
  "crew": "47,060",
  "edited": "2014-12-20T21:23:49.870000Z",
  "films": [
    "https://swapi.dev/api/films/1/",
    "https://swapi.dev/api/films/2/",
    "https://swapi.dev/api/films/3/"
  ],
  "hyperdrive_rating": "2.0",
  "length": "1,600",
  "manufacturer": "Kuat Drive Yards",
  "max_atmosphering_speed": "975",
  "model": "Imperial I-class Star Destroyer",
  "name": "Star Destroyer",
  "passengers": "n/a",
  "pilots": [],
  "starship_class": "Star Destroyer",
  "url": "https://swapi.dev/api/starships/3/"
}
 
 </msg>
<msg timestamp="20230118 04:14:34.357" level="INFO">${response} = &lt;Response [200]&gt;</msg>
<status status="PASS" starttime="20230118 04:14:34.350" endtime="20230118 04:14:34.357"/>
</kw>
<status status="PASS" starttime="20230118 04:14:34.349" endtime="20230118 04:14:34.358"/>
</test>
<test id="s1-t6" name="GetStarshipsInvalidTest" line="25">
<kw name="GET On Session" library="RequestsLibrary">
<var>${response}</var>
<arg>mysession</arg>
<arg>starships/200</arg>
<arg>expected_status=404</arg>
<doc>Sends a GET request on a previously created HTTP Session.</doc>
<msg timestamp="20230118 04:14:34.370" level="INFO">GET Request : url=http://127.0.0.1:5050/starships/200 
 path_url=/starships/200 
 headers={'User-Agent': 'python-requests/2.28.2', 'Accept-Encoding': 'gzip, deflate', 'Accept': '*/*', 'Connection': 'keep-alive'} 
 body=None 
 </msg>
<msg timestamp="20230118 04:14:34.371" level="INFO">GET Response : url=http://127.0.0.1:5050/starships/200 
 status=404, reason=NOT FOUND 
 headers={'Server': 'Werkzeug/2.2.2 Python/3.11.1', 'Date': 'Wed, 18 Jan 2023 03:14:34 GMT', 'Content-Type': 'application/json', 'Content-Length': '32', 'Connection': 'close'} 
 body={
  "error": "data not found"
}
 
 </msg>
<msg timestamp="20230118 04:14:34.371" level="INFO">${response} = &lt;Response [404]&gt;</msg>
<status status="PASS" starttime="20230118 04:14:34.361" endtime="20230118 04:14:34.371"/>
</kw>
<status status="PASS" starttime="20230118 04:14:34.360" endtime="20230118 04:14:34.372"/>
</test>
<status status="PASS" starttime="20230118 04:14:33.922" endtime="20230118 04:14:34.375"/>
</suite>
<statistics>
<total>
<stat pass="6" fail="0" skip="0">All Tests</stat>
</total>
<tag>
</tag>
<suite>
<stat pass="6" fail="0" skip="0" id="s1" name="Testsuite">Testsuite</stat>
</suite>
</statistics>
<errors>
</errors>
</robot>
